[0.372s] DEBUG:colcon:Command line arguments: ['/usr/bin/colcon', 'build']
[0.372s] DEBUG:colcon:Parsed command line arguments: Namespace(ament_cmake_args=None, base_paths=['.'], build_base='build', catkin_cmake_args=None, catkin_skip_building_tests=False, cmake_args=None, cmake_clean_cache=False, cmake_clean_first=False, cmake_force_configure=False, cmake_target=None, cmake_target_skip_unavailable=False, continue_on_error=False, event_handlers=None, executor='parallel', ignore_user_meta=False, install_base='install', log_base=None, log_level=None, main=<bound method BuildVerb.main of <colcon_core.verb.build.BuildVerb object at 0x7f840744cdf0>>, merge_install=False, metas=['./colcon.meta'], packages_above=None, packages_above_and_dependencies=None, packages_above_depth=None, packages_end=None, packages_ignore=None, packages_ignore_regex=None, packages_select=None, packages_select_build_failed=False, packages_select_by_dep=None, packages_select_regex=None, packages_select_test_failures=False, packages_skip=None, packages_skip_build_finished=False, packages_skip_by_dep=None, packages_skip_regex=None, packages_skip_test_passed=False, packages_skip_up_to=None, packages_start=None, packages_up_to=None, packages_up_to_regex=None, parallel_workers=4, paths=None, symlink_install=False, test_result_base=None, verb_extension=<colcon_core.verb.build.BuildVerb object at 0x7f840744cdf0>, verb_name='build', verb_parser=<colcon_defaults.argument_parser.defaults.DefaultArgumentsDecorator object at 0x7f84074523a0>)
[0.382s] Level 1:colcon.colcon_core.package_discovery:discover_packages(colcon_meta) check parameters
[0.382s] Level 1:colcon.colcon_core.package_discovery:discover_packages(recursive) check parameters
[0.382s] Level 1:colcon.colcon_core.package_discovery:discover_packages(ignore) check parameters
[0.382s] Level 1:colcon.colcon_core.package_discovery:discover_packages(path) check parameters
[0.382s] Level 1:colcon.colcon_core.package_discovery:discover_packages(colcon_meta) discover
[0.382s] Level 1:colcon.colcon_core.package_discovery:discover_packages(recursive) discover
[0.382s] INFO:colcon.colcon_core.package_discovery:Crawling recursively for packages in '/home/eric/ros_ros2_rr_duration_test/ros2_ws'
[0.383s] Level 1:colcon.colcon_core.package_identification:_identify(.) by extensions ['ignore', 'ignore_ament_install']
[0.383s] Level 1:colcon.colcon_core.package_identification:_identify(.) by extension 'ignore'
[0.383s] Level 1:colcon.colcon_core.package_identification:_identify(.) by extension 'ignore_ament_install'
[0.383s] Level 1:colcon.colcon_core.package_identification:_identify(.) by extensions ['colcon_pkg']
[0.383s] Level 1:colcon.colcon_core.package_identification:_identify(.) by extension 'colcon_pkg'
[0.383s] Level 1:colcon.colcon_core.package_identification:_identify(.) by extensions ['colcon_meta']
[0.383s] Level 1:colcon.colcon_core.package_identification:_identify(.) by extension 'colcon_meta'
[0.383s] Level 1:colcon.colcon_core.package_identification:_identify(.) by extensions ['ros']
[0.383s] Level 1:colcon.colcon_core.package_identification:_identify(.) by extension 'ros'
[0.396s] Level 1:colcon.colcon_core.package_identification:_identify(.) by extensions ['cmake', 'python']
[0.396s] Level 1:colcon.colcon_core.package_identification:_identify(.) by extension 'cmake'
[0.396s] Level 1:colcon.colcon_core.package_identification:_identify(.) by extension 'python'
[0.396s] Level 1:colcon.colcon_core.package_identification:_identify(.) by extensions ['python_setup_py']
[0.396s] Level 1:colcon.colcon_core.package_identification:_identify(.) by extension 'python_setup_py'
[0.396s] Level 1:colcon.colcon_core.package_identification:_identify(build) by extensions ['ignore', 'ignore_ament_install']
[0.397s] Level 1:colcon.colcon_core.package_identification:_identify(build) by extension 'ignore'
[0.397s] Level 1:colcon.colcon_core.package_identification:_identify(build) ignored
[0.397s] Level 1:colcon.colcon_core.package_identification:_identify(install) by extensions ['ignore', 'ignore_ament_install']
[0.397s] Level 1:colcon.colcon_core.package_identification:_identify(install) by extension 'ignore'
[0.397s] Level 1:colcon.colcon_core.package_identification:_identify(install) ignored
[0.397s] Level 1:colcon.colcon_core.package_identification:_identify(log) by extensions ['ignore', 'ignore_ament_install']
[0.397s] Level 1:colcon.colcon_core.package_identification:_identify(log) by extension 'ignore'
[0.397s] Level 1:colcon.colcon_core.package_identification:_identify(log) ignored
[0.397s] Level 1:colcon.colcon_core.package_identification:_identify(src) by extensions ['ignore', 'ignore_ament_install']
[0.397s] Level 1:colcon.colcon_core.package_identification:_identify(src) by extension 'ignore'
[0.397s] Level 1:colcon.colcon_core.package_identification:_identify(src) by extension 'ignore_ament_install'
[0.397s] Level 1:colcon.colcon_core.package_identification:_identify(src) by extensions ['colcon_pkg']
[0.398s] Level 1:colcon.colcon_core.package_identification:_identify(src) by extension 'colcon_pkg'
[0.398s] Level 1:colcon.colcon_core.package_identification:_identify(src) by extensions ['colcon_meta']
[0.398s] Level 1:colcon.colcon_core.package_identification:_identify(src) by extension 'colcon_meta'
[0.398s] Level 1:colcon.colcon_core.package_identification:_identify(src) by extensions ['ros']
[0.398s] Level 1:colcon.colcon_core.package_identification:_identify(src) by extension 'ros'
[0.398s] Level 1:colcon.colcon_core.package_identification:_identify(src) by extensions ['cmake', 'python']
[0.398s] Level 1:colcon.colcon_core.package_identification:_identify(src) by extension 'cmake'
[0.398s] Level 1:colcon.colcon_core.package_identification:_identify(src) by extension 'python'
[0.398s] Level 1:colcon.colcon_core.package_identification:_identify(src) by extensions ['python_setup_py']
[0.398s] Level 1:colcon.colcon_core.package_identification:_identify(src) by extension 'python_setup_py'
[0.398s] Level 1:colcon.colcon_core.package_identification:_identify(src/image_agent) by extensions ['ignore', 'ignore_ament_install']
[0.398s] Level 1:colcon.colcon_core.package_identification:_identify(src/image_agent) by extension 'ignore'
[0.398s] Level 1:colcon.colcon_core.package_identification:_identify(src/image_agent) by extension 'ignore_ament_install'
[0.398s] Level 1:colcon.colcon_core.package_identification:_identify(src/image_agent) by extensions ['colcon_pkg']
[0.398s] Level 1:colcon.colcon_core.package_identification:_identify(src/image_agent) by extension 'colcon_pkg'
[0.398s] Level 1:colcon.colcon_core.package_identification:_identify(src/image_agent) by extensions ['colcon_meta']
[0.399s] Level 1:colcon.colcon_core.package_identification:_identify(src/image_agent) by extension 'colcon_meta'
[0.399s] Level 1:colcon.colcon_core.package_identification:_identify(src/image_agent) by extensions ['ros']
[0.399s] Level 1:colcon.colcon_core.package_identification:_identify(src/image_agent) by extension 'ros'
[0.402s] DEBUG:colcon.colcon_core.package_identification:Package 'src/image_agent' with type 'ros.ament_python' and name 'image_agent'
[0.402s] Level 1:colcon.colcon_core.package_discovery:discover_packages(recursive) using defaults
[0.402s] Level 1:colcon.colcon_core.package_discovery:discover_packages(ignore) discover
[0.402s] Level 1:colcon.colcon_core.package_discovery:discover_packages(ignore) using defaults
[0.402s] Level 1:colcon.colcon_core.package_discovery:discover_packages(path) discover
[0.402s] Level 1:colcon.colcon_core.package_discovery:discover_packages(path) using defaults
[0.425s] Level 5:colcon.colcon_core.verb:set package 'image_agent' build argument 'cmake_args' from command line to 'None'
[0.425s] Level 5:colcon.colcon_core.verb:set package 'image_agent' build argument 'cmake_target' from command line to 'None'
[0.426s] Level 5:colcon.colcon_core.verb:set package 'image_agent' build argument 'cmake_target_skip_unavailable' from command line to 'False'
[0.426s] Level 5:colcon.colcon_core.verb:set package 'image_agent' build argument 'cmake_clean_cache' from command line to 'False'
[0.426s] Level 5:colcon.colcon_core.verb:set package 'image_agent' build argument 'cmake_clean_first' from command line to 'False'
[0.426s] Level 5:colcon.colcon_core.verb:set package 'image_agent' build argument 'cmake_force_configure' from command line to 'False'
[0.426s] Level 5:colcon.colcon_core.verb:set package 'image_agent' build argument 'ament_cmake_args' from command line to 'None'
[0.426s] Level 5:colcon.colcon_core.verb:set package 'image_agent' build argument 'catkin_cmake_args' from command line to 'None'
[0.426s] Level 5:colcon.colcon_core.verb:set package 'image_agent' build argument 'catkin_skip_building_tests' from command line to 'False'
[0.426s] DEBUG:colcon.colcon_core.verb:Building package 'image_agent' with the following arguments: {'ament_cmake_args': None, 'build_base': '/home/eric/ros_ros2_rr_duration_test/ros2_ws/build/image_agent', 'catkin_cmake_args': None, 'catkin_skip_building_tests': False, 'cmake_args': None, 'cmake_clean_cache': False, 'cmake_clean_first': False, 'cmake_force_configure': False, 'cmake_target': None, 'cmake_target_skip_unavailable': False, 'install_base': '/home/eric/ros_ros2_rr_duration_test/ros2_ws/install/image_agent', 'merge_install': False, 'path': '/home/eric/ros_ros2_rr_duration_test/ros2_ws/src/image_agent', 'symlink_install': False, 'test_result_base': None}
[0.426s] INFO:colcon.colcon_core.executor:Executing jobs using 'parallel' executor
[0.428s] DEBUG:colcon.colcon_parallel_executor.executor.parallel:run_until_complete
[0.429s] INFO:colcon.colcon_ros.task.ament_python.build:Building ROS package in '/home/eric/ros_ros2_rr_duration_test/ros2_ws/src/image_agent' with build type 'ament_python'
[0.429s] Level 1:colcon.colcon_core.shell:create_environment_hook('image_agent', 'ament_prefix_path')
[0.436s] INFO:colcon.colcon_core.plugin_system:Skipping extension 'colcon_core.shell.bat': Not used on non-Windows systems
[0.436s] INFO:colcon.colcon_core.shell:Creating environment hook '/home/eric/ros_ros2_rr_duration_test/ros2_ws/install/image_agent/share/image_agent/hook/ament_prefix_path.ps1'
[0.438s] INFO:colcon.colcon_core.shell:Creating environment descriptor '/home/eric/ros_ros2_rr_duration_test/ros2_ws/install/image_agent/share/image_agent/hook/ament_prefix_path.dsv'
[0.438s] INFO:colcon.colcon_core.shell:Creating environment hook '/home/eric/ros_ros2_rr_duration_test/ros2_ws/install/image_agent/share/image_agent/hook/ament_prefix_path.sh'
[0.440s] INFO:colcon.colcon_core.shell:Skip shell extension 'powershell' for command environment: Not usable outside of PowerShell
[0.441s] DEBUG:colcon.colcon_core.shell:Skip shell extension 'dsv' for command environment
[0.445s] DEBUG:colcon.colcon_core.shell:Ignoring prefix path '/opt/ros/foxy'
[0.691s] INFO:colcon.colcon_core.task.python.build:Building Python package in '/home/eric/ros_ros2_rr_duration_test/ros2_ws/src/image_agent'
[0.692s] INFO:colcon.colcon_core.shell:Skip shell extension 'powershell' for command environment: Not usable outside of PowerShell
[0.692s] DEBUG:colcon.colcon_core.shell:Skip shell extension 'dsv' for command environment
[0.695s] DEBUG:colcon.colcon_core.shell:Ignoring prefix path '/opt/ros/foxy'
[0.703s] DEBUG:colcon.colcon_core.event_handler.log_command:Invoking command in '/home/eric/ros_ros2_rr_duration_test/ros2_ws/src/image_agent': PYTHONPATH=/home/eric/ros_ros2_rr_duration_test/ros2_ws/install/image_agent/lib/python3.8/site-packages:${PYTHONPATH} /usr/bin/python3 setup.py egg_info --egg-base ../../build/image_agent build --build-base /home/eric/ros_ros2_rr_duration_test/ros2_ws/build/image_agent/build install --prefix /home/eric/ros_ros2_rr_duration_test/ros2_ws/install/image_agent --record /home/eric/ros_ros2_rr_duration_test/ros2_ws/build/image_agent/install.log --single-version-externally-managed
[1.068s] DEBUG:colcon.colcon_core.event_handler.log_command:Invoked command in '/home/eric/ros_ros2_rr_duration_test/ros2_ws/src/image_agent' returned '0': PYTHONPATH=/home/eric/ros_ros2_rr_duration_test/ros2_ws/install/image_agent/lib/python3.8/site-packages:${PYTHONPATH} /usr/bin/python3 setup.py egg_info --egg-base ../../build/image_agent build --build-base /home/eric/ros_ros2_rr_duration_test/ros2_ws/build/image_agent/build install --prefix /home/eric/ros_ros2_rr_duration_test/ros2_ws/install/image_agent --record /home/eric/ros_ros2_rr_duration_test/ros2_ws/build/image_agent/install.log --single-version-externally-managed
[1.077s] Level 1:colcon.colcon_core.environment:checking '/home/eric/ros_ros2_rr_duration_test/ros2_ws/install/image_agent' for CMake module files
[1.078s] Level 1:colcon.colcon_core.environment:checking '/home/eric/ros_ros2_rr_duration_test/ros2_ws/install/image_agent' for CMake config files
[1.080s] Level 1:colcon.colcon_core.environment:checking '/home/eric/ros_ros2_rr_duration_test/ros2_ws/install/image_agent/lib'
[1.080s] Level 1:colcon.colcon_core.environment:checking '/home/eric/ros_ros2_rr_duration_test/ros2_ws/install/image_agent/bin'
[1.080s] Level 1:colcon.colcon_core.environment:checking '/home/eric/ros_ros2_rr_duration_test/ros2_ws/install/image_agent/lib/pkgconfig/image_agent.pc'
[1.080s] Level 1:colcon.colcon_core.environment:checking '/home/eric/ros_ros2_rr_duration_test/ros2_ws/install/image_agent/lib/python3.8/site-packages'
[1.080s] Level 1:colcon.colcon_core.shell:create_environment_hook('image_agent', 'pythonpath')
[1.082s] INFO:colcon.colcon_core.shell:Creating environment hook '/home/eric/ros_ros2_rr_duration_test/ros2_ws/install/image_agent/share/image_agent/hook/pythonpath.ps1'
[1.083s] INFO:colcon.colcon_core.shell:Creating environment descriptor '/home/eric/ros_ros2_rr_duration_test/ros2_ws/install/image_agent/share/image_agent/hook/pythonpath.dsv'
[1.083s] INFO:colcon.colcon_core.shell:Creating environment hook '/home/eric/ros_ros2_rr_duration_test/ros2_ws/install/image_agent/share/image_agent/hook/pythonpath.sh'
[1.084s] Level 1:colcon.colcon_core.environment:create_environment_scripts_only(image_agent)
[1.085s] INFO:colcon.colcon_core.shell:Creating package script '/home/eric/ros_ros2_rr_duration_test/ros2_ws/install/image_agent/share/image_agent/package.ps1'
[1.087s] INFO:colcon.colcon_core.shell:Creating package descriptor '/home/eric/ros_ros2_rr_duration_test/ros2_ws/install/image_agent/share/image_agent/package.dsv'
[1.089s] INFO:colcon.colcon_core.shell:Creating package script '/home/eric/ros_ros2_rr_duration_test/ros2_ws/install/image_agent/share/image_agent/package.sh'
[1.090s] INFO:colcon.colcon_core.shell:Creating package script '/home/eric/ros_ros2_rr_duration_test/ros2_ws/install/image_agent/share/image_agent/package.bash'
[1.092s] INFO:colcon.colcon_core.shell:Creating package script '/home/eric/ros_ros2_rr_duration_test/ros2_ws/install/image_agent/share/image_agent/package.zsh'
[1.094s] Level 1:colcon.colcon_core.environment:create_file_with_runtime_dependencies(/home/eric/ros_ros2_rr_duration_test/ros2_ws/install/image_agent/share/colcon-core/packages/image_agent)
[1.095s] DEBUG:colcon.colcon_parallel_executor.executor.parallel:closing loop
[1.096s] DEBUG:colcon.colcon_parallel_executor.executor.parallel:loop closed
[1.096s] DEBUG:colcon.colcon_parallel_executor.executor.parallel:run_until_complete finished with '0'
[1.096s] DEBUG:colcon.colcon_core.event_reactor:joining thread
[1.107s] INFO:colcon.colcon_core.plugin_system:Skipping extension 'colcon_notification.desktop_notification.terminal_notifier': Not used on non-Darwin systems
[1.107s] INFO:colcon.colcon_core.plugin_system:Skipping extension 'colcon_notification.desktop_notification.win32': Not used on non-Windows systems
[1.107s] INFO:colcon.colcon_notification.desktop_notification:Sending desktop notification using 'notify2'
[1.133s] DEBUG:colcon.colcon_core.event_reactor:joined thread
[1.134s] INFO:colcon.colcon_core.shell:Creating prefix script '/home/eric/ros_ros2_rr_duration_test/ros2_ws/install/local_setup.ps1'
[1.165s] INFO:colcon.colcon_core.shell:Creating prefix util module '/home/eric/ros_ros2_rr_duration_test/ros2_ws/install/_local_setup_util_ps1.py'
[1.169s] INFO:colcon.colcon_core.shell:Creating prefix chain script '/home/eric/ros_ros2_rr_duration_test/ros2_ws/install/setup.ps1'
[1.172s] INFO:colcon.colcon_core.shell:Creating prefix script '/home/eric/ros_ros2_rr_duration_test/ros2_ws/install/local_setup.sh'
[1.175s] INFO:colcon.colcon_core.shell:Creating prefix util module '/home/eric/ros_ros2_rr_duration_test/ros2_ws/install/_local_setup_util_sh.py'
[1.176s] INFO:colcon.colcon_core.shell:Creating prefix chain script '/home/eric/ros_ros2_rr_duration_test/ros2_ws/install/setup.sh'
[1.185s] INFO:colcon.colcon_core.shell:Creating prefix script '/home/eric/ros_ros2_rr_duration_test/ros2_ws/install/local_setup.bash'
[1.188s] INFO:colcon.colcon_core.shell:Creating prefix chain script '/home/eric/ros_ros2_rr_duration_test/ros2_ws/install/setup.bash'
[1.193s] INFO:colcon.colcon_core.shell:Creating prefix script '/home/eric/ros_ros2_rr_duration_test/ros2_ws/install/local_setup.zsh'
[1.195s] INFO:colcon.colcon_core.shell:Creating prefix chain script '/home/eric/ros_ros2_rr_duration_test/ros2_ws/install/setup.zsh'
